<?xml version="1.0" encoding="UTF-8"?>
<!-- Generated by org.testng.reporters.JUnitReportReporter -->
<testsuite hostname="user4" failures="0" tests="2" name="runners.MyTestRunner" time="9.221" errors="0" timestamp="2024-11-18T12:43:12 IST" skipped="0">
  <testcase classname="runners.MyTestRunner" name="runScenario" time="2.269"/>
  <system-out/>
  <testcase classname="runners.MyTestRunner" name="runScenario" time="6.952"/>
  <system-out/>
</testsuite> <!-- runners.MyTestRunner -->
